<?xml version="1.0" encoding="UTF-8"?>
<testng-results ignored="0" total="8" passed="6" failed="2" skipped="0">
  <reporter-output>
  </reporter-output>
  <suite started-at="2020-05-14T20:52:45 IST" name="Surefire suite" finished-at="2020-05-14T20:53:33 IST" duration-ms="48087">
    <groups>
      <group name="cucumber">
        <method signature="AbstractTestNGCucumberTests.runScenario(io.cucumber.testng.PickleWrapper, io.cucumber.testng.FeatureWrapper)[pri:0, instance:com.cucumber.RunCucumberTest@78a2da20]" name="runScenario" class="io.cucumber.testng.AbstractTestNGCucumberTests"/>
      </group> <!-- cucumber -->
    </groups>
    <test started-at="2020-05-14T20:52:45 IST" name="Surefire test" finished-at="2020-05-14T20:53:33 IST" duration-ms="48087">
      <class name="com.cucumber.RunCucumberTest">
        <test-method is-config="true" signature="setUpClass()[pri:0, instance:com.cucumber.RunCucumberTest@78a2da20]" started-at="2020-05-14T20:52:45 IST" name="setUpClass" finished-at="2020-05-14T20:52:45 IST" duration-ms="479" status="PASS">
          <reporter-output>
          </reporter-output>
        </test-method> <!-- setUpClass -->
        <test-method is-config="true" signature="beforeMethod(org.testng.ITestContext)[pri:0, instance:com.cucumber.RunCucumberTest@78a2da20]" started-at="2020-05-14T20:52:46 IST" name="beforeMethod" finished-at="2020-05-14T20:52:46 IST" duration-ms="6" status="PASS">
          <params>
            <param index="0">
              <value>
                <![CDATA[org.testng.TestRunner@5ad851c9]]>
              </value>
            </param>
          </params>
          <reporter-output>
          </reporter-output>
        </test-method> <!-- beforeMethod -->
        <test-method is-config="true" signature="beforeMethod(org.testng.ITestContext)[pri:0, instance:com.cucumber.RunCucumberTest@78a2da20]" started-at="2020-05-14T20:52:46 IST" name="beforeMethod" finished-at="2020-05-14T20:52:46 IST" duration-ms="7" status="PASS">
          <params>
            <param index="0">
              <value>
                <![CDATA[org.testng.TestRunner@5ad851c9]]>
              </value>
            </param>
          </params>
          <reporter-output>
          </reporter-output>
        </test-method> <!-- beforeMethod -->
        <test-method is-config="true" signature="beforeMethod(org.testng.ITestContext)[pri:0, instance:com.cucumber.RunCucumberTest@78a2da20]" started-at="2020-05-14T20:52:46 IST" name="beforeMethod" finished-at="2020-05-14T20:52:46 IST" duration-ms="6" status="PASS">
          <params>
            <param index="0">
              <value>
                <![CDATA[org.testng.TestRunner@5ad851c9]]>
              </value>
            </param>
          </params>
          <reporter-output>
          </reporter-output>
        </test-method> <!-- beforeMethod -->
        <test-method is-config="true" signature="beforeMethod(org.testng.ITestContext)[pri:0, instance:com.cucumber.RunCucumberTest@78a2da20]" started-at="2020-05-14T20:52:46 IST" name="beforeMethod" finished-at="2020-05-14T20:52:46 IST" duration-ms="5" status="PASS">
          <params>
            <param index="0">
              <value>
                <![CDATA[org.testng.TestRunner@5ad851c9]]>
              </value>
            </param>
          </params>
          <reporter-output>
          </reporter-output>
        </test-method> <!-- beforeMethod -->
        <test-method is-config="true" signature="beforeMethod(org.testng.ITestContext)[pri:0, instance:com.cucumber.RunCucumberTest@78a2da20]" started-at="2020-05-14T20:52:46 IST" name="beforeMethod" finished-at="2020-05-14T20:52:46 IST" duration-ms="4" status="PASS">
          <params>
            <param index="0">
              <value>
                <![CDATA[org.testng.TestRunner@5ad851c9]]>
              </value>
            </param>
          </params>
          <reporter-output>
          </reporter-output>
        </test-method> <!-- beforeMethod -->
        <test-method is-config="true" signature="beforeMethod(org.testng.ITestContext)[pri:0, instance:com.cucumber.RunCucumberTest@78a2da20]" started-at="2020-05-14T20:52:46 IST" name="beforeMethod" finished-at="2020-05-14T20:52:46 IST" duration-ms="7" status="PASS">
          <params>
            <param index="0">
              <value>
                <![CDATA[org.testng.TestRunner@5ad851c9]]>
              </value>
            </param>
          </params>
          <reporter-output>
          </reporter-output>
        </test-method> <!-- beforeMethod -->
        <test-method is-config="true" signature="beforeMethod(org.testng.ITestContext)[pri:0, instance:com.cucumber.RunCucumberTest@78a2da20]" started-at="2020-05-14T20:52:46 IST" name="beforeMethod" finished-at="2020-05-14T20:52:46 IST" duration-ms="5" status="PASS">
          <params>
            <param index="0">
              <value>
                <![CDATA[org.testng.TestRunner@5ad851c9]]>
              </value>
            </param>
          </params>
          <reporter-output>
          </reporter-output>
        </test-method> <!-- beforeMethod -->
        <test-method is-config="true" signature="beforeMethod(org.testng.ITestContext)[pri:0, instance:com.cucumber.RunCucumberTest@78a2da20]" started-at="2020-05-14T20:52:46 IST" name="beforeMethod" finished-at="2020-05-14T20:52:46 IST" duration-ms="2" status="PASS">
          <params>
            <param index="0">
              <value>
                <![CDATA[org.testng.TestRunner@5ad851c9]]>
              </value>
            </param>
          </params>
          <reporter-output>
          </reporter-output>
        </test-method> <!-- beforeMethod -->
        <test-method signature="runScenario(io.cucumber.testng.PickleWrapper, io.cucumber.testng.FeatureWrapper)[pri:0, instance:com.cucumber.RunCucumberTest@78a2da20]" started-at="2020-05-14T20:52:46 IST" name="runScenario" description="Runs Cucumber Scenarios" data-provider="scenarios" finished-at="2020-05-14T20:53:31 IST" duration-ms="45939" status="PASS">
          <params>
            <param index="0">
              <value>
                <![CDATA["To Verify the domestic fund transfer"]]>
              </value>
            </param>
            <param index="1">
              <value>
                <![CDATA["Demo_Bank Domestic Fund Transfer Validation"]]>
              </value>
            </param>
          </params>
          <reporter-output>
          </reporter-output>
        </test-method> <!-- runScenario -->
        <test-method signature="runScenario(io.cucumber.testng.PickleWrapper, io.cucumber.testng.FeatureWrapper)[pri:0, instance:com.cucumber.RunCucumberTest@78a2da20]" started-at="2020-05-14T20:52:46 IST" name="runScenario" description="Runs Cucumber Scenarios" data-provider="scenarios" finished-at="2020-05-14T20:52:59 IST" duration-ms="13044" status="FAIL">
          <params>
            <param index="0">
              <value>
                <![CDATA["To Verify the signup with Valid Credentials"]]>
              </value>
            </param>
            <param index="1">
              <value>
                <![CDATA["Sign up for a new account"]]>
              </value>
            </param>
          </params>
          <exception class="io.cucumber.core.runner.AmbiguousStepDefinitionsException">
            <message>
              <![CDATA["User Launched "http://demo.rapidtestpro.com/login.php" in Browser" matches more than one step definition:
  "User Launched {string} in Browser" in com.cucumber.stepdefinitions.KevinLogin.user_Launched_in_Browser(java.lang.String)
  "^User Launched "([^"]*)" in Browser$" in com.cucumber.stepdefinitions.Mohan_SignUpSteps.user_Launched_in_Browser(java.lang.String)]]>
            </message>
            <full-stacktrace>
              <![CDATA[io.cucumber.core.runner.AmbiguousStepDefinitionsException: "User Launched "http://demo.rapidtestpro.com/login.php" in Browser" matches more than one step definition:
  "User Launched {string} in Browser" in com.cucumber.stepdefinitions.KevinLogin.user_Launched_in_Browser(java.lang.String)
  "^User Launched "([^"]*)" in Browser$" in com.cucumber.stepdefinitions.Mohan_SignUpSteps.user_Launched_in_Browser(java.lang.String)
at io.cucumber.core.runner.CachingGlue.findStepDefinitionMatch(CachingGlue.java:267)
at io.cucumber.core.runner.CachingGlue.stepDefinitionMatch(CachingGlue.java:238)
at io.cucumber.core.runner.Runner.matchStepToStepDefinition(Runner.java:118)
at io.cucumber.core.runner.Runner.createTestStepsForPickleSteps(Runner.java:107)
at io.cucumber.core.runner.Runner.createTestCaseForPickle(Runner.java:97)
at io.cucumber.core.runner.Runner.runPickle(Runner.java:66)
at io.cucumber.testng.TestNGCucumberRunner.runScenario(TestNGCucumberRunner.java:124)
at io.cucumber.testng.AbstractTestNGCucumberTests.runScenario(AbstractTestNGCucumberTests.java:29)
at java.base/jdk.internal.reflect.NativeMethodAccessorImpl.invoke0(Native Method)
at java.base/jdk.internal.reflect.NativeMethodAccessorImpl.invoke(NativeMethodAccessorImpl.java:62)
at java.base/jdk.internal.reflect.DelegatingMethodAccessorImpl.invoke(DelegatingMethodAccessorImpl.java:43)
at java.base/java.lang.reflect.Method.invoke(Method.java:567)
at org.testng.internal.MethodInvocationHelper.invokeMethod(MethodInvocationHelper.java:134)
at org.testng.internal.TestInvoker.invokeMethod(TestInvoker.java:597)
at org.testng.internal.TestInvoker.invokeTestMethod(TestInvoker.java:173)
at org.testng.internal.TestMethodWithDataProviderMethodWorker.call(TestMethodWithDataProviderMethodWorker.java:77)
at org.testng.internal.TestMethodWithDataProviderMethodWorker.call(TestMethodWithDataProviderMethodWorker.java:15)
at java.base/java.util.concurrent.FutureTask.run(FutureTask.java:264)
at java.base/java.util.concurrent.Executors$RunnableAdapter.call(Executors.java:515)
at java.base/java.util.concurrent.FutureTask.run(FutureTask.java:264)
at java.base/java.util.concurrent.ThreadPoolExecutor.runWorker(ThreadPoolExecutor.java:1128)
at java.base/java.util.concurrent.ThreadPoolExecutor$Worker.run(ThreadPoolExecutor.java:628)
at java.base/java.lang.Thread.run(Thread.java:830)
]]>
            </full-stacktrace>
          </exception> <!-- io.cucumber.core.runner.AmbiguousStepDefinitionsException -->
          <reporter-output>
          </reporter-output>
        </test-method> <!-- runScenario -->
        <test-method signature="runScenario(io.cucumber.testng.PickleWrapper, io.cucumber.testng.FeatureWrapper)[pri:0, instance:com.cucumber.RunCucumberTest@78a2da20]" started-at="2020-05-14T20:52:46 IST" name="runScenario" description="Runs Cucumber Scenarios" data-provider="scenarios" finished-at="2020-05-14T20:53:32 IST" duration-ms="46683" status="PASS">
          <params>
            <param index="0">
              <value>
                <![CDATA["To Verify the domestic fund transfer"]]>
              </value>
            </param>
            <param index="1">
              <value>
                <![CDATA["Demo_Bank Domestic Fund Transfer Validation"]]>
              </value>
            </param>
          </params>
          <reporter-output>
          </reporter-output>
        </test-method> <!-- runScenario -->
        <test-method signature="runScenario(io.cucumber.testng.PickleWrapper, io.cucumber.testng.FeatureWrapper)[pri:0, instance:com.cucumber.RunCucumberTest@78a2da20]" started-at="2020-05-14T20:52:46 IST" name="runScenario" description="Runs Cucumber Scenarios" data-provider="scenarios" finished-at="2020-05-14T20:53:13 IST" duration-ms="27788" status="PASS">
          <params>
            <param index="0">
              <value>
                <![CDATA["To Verify the signup with Valid Credentials"]]>
              </value>
            </param>
            <param index="1">
              <value>
                <![CDATA["Sign out from the application"]]>
              </value>
            </param>
          </params>
          <reporter-output>
          </reporter-output>
        </test-method> <!-- runScenario -->
        <test-method signature="runScenario(io.cucumber.testng.PickleWrapper, io.cucumber.testng.FeatureWrapper)[pri:0, instance:com.cucumber.RunCucumberTest@78a2da20]" started-at="2020-05-14T20:52:46 IST" name="runScenario" description="Runs Cucumber Scenarios" data-provider="scenarios" finished-at="2020-05-14T20:53:32 IST" duration-ms="46213" status="PASS">
          <params>
            <param index="0">
              <value>
                <![CDATA["To Verify the domestic fund transfer"]]>
              </value>
            </param>
            <param index="1">
              <value>
                <![CDATA["Demo_Bank Domestic Fund Transfer Validation"]]>
              </value>
            </param>
          </params>
          <reporter-output>
          </reporter-output>
        </test-method> <!-- runScenario -->
        <test-method signature="runScenario(io.cucumber.testng.PickleWrapper, io.cucumber.testng.FeatureWrapper)[pri:0, instance:com.cucumber.RunCucumberTest@78a2da20]" started-at="2020-05-14T20:52:46 IST" name="runScenario" description="Runs Cucumber Scenarios" data-provider="scenarios" finished-at="2020-05-14T20:53:00 IST" duration-ms="14360" status="FAIL">
          <params>
            <param index="0">
              <value>
                <![CDATA["To Verify the Login with Valid Credentials"]]>
              </value>
            </param>
            <param index="1">
              <value>
                <![CDATA["Login with Valid Credentials"]]>
              </value>
            </param>
          </params>
          <exception class="io.cucumber.core.runner.AmbiguousStepDefinitionsException">
            <message>
              <![CDATA["User Launched "http://demo.rapidtestpro.com/login.php" in Browser" matches more than one step definition:
  "User Launched {string} in Browser" in com.cucumber.stepdefinitions.KevinLogin.user_Launched_in_Browser(java.lang.String)
  "^User Launched "([^"]*)" in Browser$" in com.cucumber.stepdefinitions.Mohan_SignUpSteps.user_Launched_in_Browser(java.lang.String)]]>
            </message>
            <full-stacktrace>
              <![CDATA[io.cucumber.core.runner.AmbiguousStepDefinitionsException: "User Launched "http://demo.rapidtestpro.com/login.php" in Browser" matches more than one step definition:
  "User Launched {string} in Browser" in com.cucumber.stepdefinitions.KevinLogin.user_Launched_in_Browser(java.lang.String)
  "^User Launched "([^"]*)" in Browser$" in com.cucumber.stepdefinitions.Mohan_SignUpSteps.user_Launched_in_Browser(java.lang.String)
at io.cucumber.core.runner.CachingGlue.findStepDefinitionMatch(CachingGlue.java:267)
at io.cucumber.core.runner.CachingGlue.stepDefinitionMatch(CachingGlue.java:238)
at io.cucumber.core.runner.Runner.matchStepToStepDefinition(Runner.java:118)
at io.cucumber.core.runner.Runner.createTestStepsForPickleSteps(Runner.java:107)
at io.cucumber.core.runner.Runner.createTestCaseForPickle(Runner.java:97)
at io.cucumber.core.runner.Runner.runPickle(Runner.java:66)
at io.cucumber.testng.TestNGCucumberRunner.runScenario(TestNGCucumberRunner.java:124)
at io.cucumber.testng.AbstractTestNGCucumberTests.runScenario(AbstractTestNGCucumberTests.java:29)
at java.base/jdk.internal.reflect.NativeMethodAccessorImpl.invoke0(Native Method)
at java.base/jdk.internal.reflect.NativeMethodAccessorImpl.invoke(NativeMethodAccessorImpl.java:62)
at java.base/jdk.internal.reflect.DelegatingMethodAccessorImpl.invoke(DelegatingMethodAccessorImpl.java:43)
at java.base/java.lang.reflect.Method.invoke(Method.java:567)
at org.testng.internal.MethodInvocationHelper.invokeMethod(MethodInvocationHelper.java:134)
at org.testng.internal.TestInvoker.invokeMethod(TestInvoker.java:597)
at org.testng.internal.TestInvoker.invokeTestMethod(TestInvoker.java:173)
at org.testng.internal.TestMethodWithDataProviderMethodWorker.call(TestMethodWithDataProviderMethodWorker.java:77)
at org.testng.internal.TestMethodWithDataProviderMethodWorker.call(TestMethodWithDataProviderMethodWorker.java:15)
at java.base/java.util.concurrent.FutureTask.run(FutureTask.java:264)
at java.base/java.util.concurrent.Executors$RunnableAdapter.call(Executors.java:515)
at java.base/java.util.concurrent.FutureTask.run(FutureTask.java:264)
at java.base/java.util.concurrent.ThreadPoolExecutor.runWorker(ThreadPoolExecutor.java:1128)
at java.base/java.util.concurrent.ThreadPoolExecutor$Worker.run(ThreadPoolExecutor.java:628)
at java.base/java.lang.Thread.run(Thread.java:830)
]]>
            </full-stacktrace>
          </exception> <!-- io.cucumber.core.runner.AmbiguousStepDefinitionsException -->
          <reporter-output>
          </reporter-output>
        </test-method> <!-- runScenario -->
        <test-method signature="runScenario(io.cucumber.testng.PickleWrapper, io.cucumber.testng.FeatureWrapper)[pri:0, instance:com.cucumber.RunCucumberTest@78a2da20]" started-at="2020-05-14T20:52:46 IST" name="runScenario" description="Runs Cucumber Scenarios" data-provider="scenarios" finished-at="2020-05-14T20:53:31 IST" duration-ms="45520" status="PASS">
          <params>
            <param index="0">
              <value>
                <![CDATA["To Verify the domestic fund transfer"]]>
              </value>
            </param>
            <param index="1">
              <value>
                <![CDATA["Demo_Bank Domestic Fund Transfer Validation"]]>
              </value>
            </param>
          </params>
          <reporter-output>
          </reporter-output>
        </test-method> <!-- runScenario -->
        <test-method signature="runScenario(io.cucumber.testng.PickleWrapper, io.cucumber.testng.FeatureWrapper)[pri:0, instance:com.cucumber.RunCucumberTest@78a2da20]" started-at="2020-05-14T20:52:46 IST" name="runScenario" description="Runs Cucumber Scenarios" data-provider="scenarios" finished-at="2020-05-14T20:53:32 IST" duration-ms="46332" status="PASS">
          <params>
            <param index="0">
              <value>
                <![CDATA["To Verify the domestic fund transfer"]]>
              </value>
            </param>
            <param index="1">
              <value>
                <![CDATA["Demo_Bank Domestic Fund Transfer Validation"]]>
              </value>
            </param>
          </params>
          <reporter-output>
          </reporter-output>
        </test-method> <!-- runScenario -->
        <test-method is-config="true" signature="afterMethod(org.testng.ITestContext)[pri:0, instance:com.cucumber.RunCucumberTest@78a2da20]" started-at="2020-05-14T20:52:59 IST" name="afterMethod" finished-at="2020-05-14T20:52:59 IST" duration-ms="0" status="PASS">
          <params>
            <param index="0">
              <value>
                <![CDATA[org.testng.TestRunner@5ad851c9]]>
              </value>
            </param>
          </params>
          <reporter-output>
          </reporter-output>
        </test-method> <!-- afterMethod -->
        <test-method is-config="true" signature="afterMethod(org.testng.ITestContext)[pri:0, instance:com.cucumber.RunCucumberTest@78a2da20]" started-at="2020-05-14T20:53:00 IST" name="afterMethod" finished-at="2020-05-14T20:53:00 IST" duration-ms="1" status="PASS">
          <params>
            <param index="0">
              <value>
                <![CDATA[org.testng.TestRunner@5ad851c9]]>
              </value>
            </param>
          </params>
          <reporter-output>
          </reporter-output>
        </test-method> <!-- afterMethod -->
        <test-method is-config="true" signature="afterMethod(org.testng.ITestContext)[pri:0, instance:com.cucumber.RunCucumberTest@78a2da20]" started-at="2020-05-14T20:53:13 IST" name="afterMethod" finished-at="2020-05-14T20:53:13 IST" duration-ms="0" status="PASS">
          <params>
            <param index="0">
              <value>
                <![CDATA[org.testng.TestRunner@5ad851c9]]>
              </value>
            </param>
          </params>
          <reporter-output>
          </reporter-output>
        </test-method> <!-- afterMethod -->
        <test-method is-config="true" signature="afterMethod(org.testng.ITestContext)[pri:0, instance:com.cucumber.RunCucumberTest@78a2da20]" started-at="2020-05-14T20:53:31 IST" name="afterMethod" finished-at="2020-05-14T20:53:31 IST" duration-ms="1" status="PASS">
          <params>
            <param index="0">
              <value>
                <![CDATA[org.testng.TestRunner@5ad851c9]]>
              </value>
            </param>
          </params>
          <reporter-output>
          </reporter-output>
        </test-method> <!-- afterMethod -->
        <test-method is-config="true" signature="afterMethod(org.testng.ITestContext)[pri:0, instance:com.cucumber.RunCucumberTest@78a2da20]" started-at="2020-05-14T20:53:31 IST" name="afterMethod" finished-at="2020-05-14T20:53:31 IST" duration-ms="0" status="PASS">
          <params>
            <param index="0">
              <value>
                <![CDATA[org.testng.TestRunner@5ad851c9]]>
              </value>
            </param>
          </params>
          <reporter-output>
          </reporter-output>
        </test-method> <!-- afterMethod -->
        <test-method is-config="true" signature="afterMethod(org.testng.ITestContext)[pri:0, instance:com.cucumber.RunCucumberTest@78a2da20]" started-at="2020-05-14T20:53:32 IST" name="afterMethod" finished-at="2020-05-14T20:53:32 IST" duration-ms="0" status="PASS">
          <params>
            <param index="0">
              <value>
                <![CDATA[org.testng.TestRunner@5ad851c9]]>
              </value>
            </param>
          </params>
          <reporter-output>
          </reporter-output>
        </test-method> <!-- afterMethod -->
        <test-method is-config="true" signature="afterMethod(org.testng.ITestContext)[pri:0, instance:com.cucumber.RunCucumberTest@78a2da20]" started-at="2020-05-14T20:53:32 IST" name="afterMethod" finished-at="2020-05-14T20:53:32 IST" duration-ms="0" status="PASS">
          <params>
            <param index="0">
              <value>
                <![CDATA[org.testng.TestRunner@5ad851c9]]>
              </value>
            </param>
          </params>
          <reporter-output>
          </reporter-output>
        </test-method> <!-- afterMethod -->
        <test-method is-config="true" signature="afterMethod(org.testng.ITestContext)[pri:0, instance:com.cucumber.RunCucumberTest@78a2da20]" started-at="2020-05-14T20:53:32 IST" name="afterMethod" finished-at="2020-05-14T20:53:32 IST" duration-ms="0" status="PASS">
          <params>
            <param index="0">
              <value>
                <![CDATA[org.testng.TestRunner@5ad851c9]]>
              </value>
            </param>
          </params>
          <reporter-output>
          </reporter-output>
        </test-method> <!-- afterMethod -->
        <test-method is-config="true" signature="tearDownClass()[pri:0, instance:com.cucumber.RunCucumberTest@78a2da20]" started-at="2020-05-14T20:53:32 IST" name="tearDownClass" finished-at="2020-05-14T20:53:33 IST" duration-ms="859" status="PASS">
          <reporter-output>
          </reporter-output>
        </test-method> <!-- tearDownClass -->
      </class> <!-- com.cucumber.RunCucumberTest -->
    </test> <!-- Surefire test -->
  </suite> <!-- Surefire suite -->
</testng-results>
