<?xml version="1.0" encoding="UTF-8"?>
<!-- Generated by org.testng.reporters.JUnitReportReporter -->
<testsuite hostname="DESKTOP-PCRDTAN" failures="0" tests="8" name="com.cucumber.RunCucumberTest" time="285.923" errors="2" timestamp="2020-05-14T20:53:33 IST" skipped="0">
  <testcase classname="com.cucumber.RunCucumberTest" name="runScenario" time="46.687"/>
  <system-out/>
  <testcase classname="com.cucumber.RunCucumberTest" name="runScenario" time="14.362">
    <error message="&quot;User Launched &quot;http://demo.rapidtestpro.com/login.php&quot; in Browser&quot; matches more than one step definition:
  &quot;User Launched {string} in Browser&quot; in com.cucumber.stepdefinitions.KevinLogin.user_Launched_in_Browser(java.lang.String)
  &quot;^User Launched &quot;([^&quot;]*)&quot; in Browser$&quot; in com.cucumber.stepdefinitions.Mohan_SignUpSteps.user_Launched_in_Browser(java.lang.String)" type="io.cucumber.core.runner.AmbiguousStepDefinitionsException">
      <![CDATA[io.cucumber.core.runner.AmbiguousStepDefinitionsException: "User Launched "http://demo.rapidtestpro.com/login.php" in Browser" matches more than one step definition:
  "User Launched {string} in Browser" in com.cucumber.stepdefinitions.KevinLogin.user_Launched_in_Browser(java.lang.String)
  "^User Launched "([^"]*)" in Browser$" in com.cucumber.stepdefinitions.Mohan_SignUpSteps.user_Launched_in_Browser(java.lang.String)
at io.cucumber.core.runner.CachingGlue.findStepDefinitionMatch(CachingGlue.java:267)
at io.cucumber.core.runner.CachingGlue.stepDefinitionMatch(CachingGlue.java:238)
at io.cucumber.core.runner.Runner.matchStepToStepDefinition(Runner.java:118)
at io.cucumber.core.runner.Runner.createTestStepsForPickleSteps(Runner.java:107)
at io.cucumber.core.runner.Runner.createTestCaseForPickle(Runner.java:97)
at io.cucumber.core.runner.Runner.runPickle(Runner.java:66)
at io.cucumber.testng.TestNGCucumberRunner.runScenario(TestNGCucumberRunner.java:124)
at io.cucumber.testng.AbstractTestNGCucumberTests.runScenario(AbstractTestNGCucumberTests.java:29)
at java.base/jdk.internal.reflect.NativeMethodAccessorImpl.invoke0(Native Method)
at java.base/jdk.internal.reflect.NativeMethodAccessorImpl.invoke(NativeMethodAccessorImpl.java:62)
at java.base/jdk.internal.reflect.DelegatingMethodAccessorImpl.invoke(DelegatingMethodAccessorImpl.java:43)
at java.base/java.lang.reflect.Method.invoke(Method.java:567)
at org.testng.internal.MethodInvocationHelper.invokeMethod(MethodInvocationHelper.java:134)
at org.testng.internal.TestInvoker.invokeMethod(TestInvoker.java:597)
at org.testng.internal.TestInvoker.invokeTestMethod(TestInvoker.java:173)
at org.testng.internal.TestMethodWithDataProviderMethodWorker.call(TestMethodWithDataProviderMethodWorker.java:77)
at org.testng.internal.TestMethodWithDataProviderMethodWorker.call(TestMethodWithDataProviderMethodWorker.java:15)
at java.base/java.util.concurrent.FutureTask.run(FutureTask.java:264)
at java.base/java.util.concurrent.Executors$RunnableAdapter.call(Executors.java:515)
at java.base/java.util.concurrent.FutureTask.run(FutureTask.java:264)
at java.base/java.util.concurrent.ThreadPoolExecutor.runWorker(ThreadPoolExecutor.java:1128)
at java.base/java.util.concurrent.ThreadPoolExecutor$Worker.run(ThreadPoolExecutor.java:628)
at java.base/java.lang.Thread.run(Thread.java:830)
]]>
    </error>
  </testcase> <!-- runScenario -->
  <system-out/>
  <testcase classname="com.cucumber.RunCucumberTest" name="runScenario" time="27.795"/>
  <system-out/>
  <testcase classname="com.cucumber.RunCucumberTest" name="runScenario" time="13.050">
    <error message="&quot;User Launched &quot;http://demo.rapidtestpro.com/login.php&quot; in Browser&quot; matches more than one step definition:
  &quot;User Launched {string} in Browser&quot; in com.cucumber.stepdefinitions.KevinLogin.user_Launched_in_Browser(java.lang.String)
  &quot;^User Launched &quot;([^&quot;]*)&quot; in Browser$&quot; in com.cucumber.stepdefinitions.Mohan_SignUpSteps.user_Launched_in_Browser(java.lang.String)" type="io.cucumber.core.runner.AmbiguousStepDefinitionsException">
      <![CDATA[io.cucumber.core.runner.AmbiguousStepDefinitionsException: "User Launched "http://demo.rapidtestpro.com/login.php" in Browser" matches more than one step definition:
  "User Launched {string} in Browser" in com.cucumber.stepdefinitions.KevinLogin.user_Launched_in_Browser(java.lang.String)
  "^User Launched "([^"]*)" in Browser$" in com.cucumber.stepdefinitions.Mohan_SignUpSteps.user_Launched_in_Browser(java.lang.String)
at io.cucumber.core.runner.CachingGlue.findStepDefinitionMatch(CachingGlue.java:267)
at io.cucumber.core.runner.CachingGlue.stepDefinitionMatch(CachingGlue.java:238)
at io.cucumber.core.runner.Runner.matchStepToStepDefinition(Runner.java:118)
at io.cucumber.core.runner.Runner.createTestStepsForPickleSteps(Runner.java:107)
at io.cucumber.core.runner.Runner.createTestCaseForPickle(Runner.java:97)
at io.cucumber.core.runner.Runner.runPickle(Runner.java:66)
at io.cucumber.testng.TestNGCucumberRunner.runScenario(TestNGCucumberRunner.java:124)
at io.cucumber.testng.AbstractTestNGCucumberTests.runScenario(AbstractTestNGCucumberTests.java:29)
at java.base/jdk.internal.reflect.NativeMethodAccessorImpl.invoke0(Native Method)
at java.base/jdk.internal.reflect.NativeMethodAccessorImpl.invoke(NativeMethodAccessorImpl.java:62)
at java.base/jdk.internal.reflect.DelegatingMethodAccessorImpl.invoke(DelegatingMethodAccessorImpl.java:43)
at java.base/java.lang.reflect.Method.invoke(Method.java:567)
at org.testng.internal.MethodInvocationHelper.invokeMethod(MethodInvocationHelper.java:134)
at org.testng.internal.TestInvoker.invokeMethod(TestInvoker.java:597)
at org.testng.internal.TestInvoker.invokeTestMethod(TestInvoker.java:173)
at org.testng.internal.TestMethodWithDataProviderMethodWorker.call(TestMethodWithDataProviderMethodWorker.java:77)
at org.testng.internal.TestMethodWithDataProviderMethodWorker.call(TestMethodWithDataProviderMethodWorker.java:15)
at java.base/java.util.concurrent.FutureTask.run(FutureTask.java:264)
at java.base/java.util.concurrent.Executors$RunnableAdapter.call(Executors.java:515)
at java.base/java.util.concurrent.FutureTask.run(FutureTask.java:264)
at java.base/java.util.concurrent.ThreadPoolExecutor.runWorker(ThreadPoolExecutor.java:1128)
at java.base/java.util.concurrent.ThreadPoolExecutor$Worker.run(ThreadPoolExecutor.java:628)
at java.base/java.lang.Thread.run(Thread.java:830)
]]>
    </error>
  </testcase> <!-- runScenario -->
  <system-out/>
  <testcase classname="com.cucumber.RunCucumberTest" name="runScenario" time="46.219"/>
  <system-out/>
  <testcase classname="com.cucumber.RunCucumberTest" name="runScenario" time="45.527"/>
  <system-out/>
  <testcase classname="com.cucumber.RunCucumberTest" name="runScenario" time="45.946"/>
  <system-out/>
  <testcase classname="com.cucumber.RunCucumberTest" name="runScenario" time="46.337"/>
  <system-out/>
</testsuite> <!-- com.cucumber.RunCucumberTest -->
